[debug] [2025-05-27T11:48:48.512Z] ----------------------------------------------------------------------
[debug] [2025-05-27T11:48:48.522Z] Command:       C:\Program Files\nodejs\node.exe C:\Users\DrillTitan\AppData\Roaming\npm\node_modules\firebase-tools\lib\bin\firebase.js init functions
[debug] [2025-05-27T11:48:48.523Z] CLI Version:   14.4.0
[debug] [2025-05-27T11:48:48.524Z] Platform:      win32
[debug] [2025-05-27T11:48:48.524Z] Node Version:  v21.1.0
[debug] [2025-05-27T11:48:48.525Z] Time:          Tue May 27 2025 14:48:48 GMT+0300 (East Africa Time)
[debug] [2025-05-27T11:48:48.526Z] ----------------------------------------------------------------------
[debug] 
[debug] [2025-05-27T11:48:48.562Z] > command requires scopes: ["email","openid","https://www.googleapis.com/auth/cloudplatformprojects.readonly","https://www.googleapis.com/auth/firebase","https://www.googleapis.com/auth/cloud-platform"]
[debug] [2025-05-27T11:48:48.564Z] > authorizing via signed-in user (owokomose@gmail.com)
[info] 
     ######## #### ########  ######## ########     ###     ######  ########
     ##        ##  ##     ## ##       ##     ##  ##   ##  ##       ##
     ######    ##  ########  ######   ########  #########  ######  ######
     ##        ##  ##    ##  ##       ##     ## ##     ##       ## ##
     ##       #### ##     ## ######## ########  ##     ##  ######  ########

You're about to initialize a Firebase project in this directory:

  C:\Users\DrillTitan\AndroidStudioProjects\Alumni-management-app-android-project-master

[info] 
=== Project Setup
[info] 
[info] First, let's associate this project directory with a Firebase project.
[info] You can create multiple project aliases by running firebase use --add, 
[info] but for now we'll just set up a default project.
[info] 
[debug] [2025-05-27T11:49:53.296Z] Checked if tokens are valid: false, expires at: 1709710053755
[debug] [2025-05-27T11:49:53.297Z] Checked if tokens are valid: false, expires at: 1709710053755
[debug] [2025-05-27T11:49:53.298Z] > refreshing access token with scopes: []
[debug] [2025-05-27T11:49:53.305Z] >>> [apiv2][query] POST https://www.googleapis.com/oauth2/v3/token [none]
[debug] [2025-05-27T11:49:53.305Z] >>> [apiv2][body] POST https://www.googleapis.com/oauth2/v3/token [omitted]
[debug] [2025-05-27T11:49:53.846Z] <<< [apiv2][status] POST https://www.googleapis.com/oauth2/v3/token 400
[debug] [2025-05-27T11:49:53.846Z] <<< [apiv2][body] POST https://www.googleapis.com/oauth2/v3/token [omitted]
[debug] [2025-05-27T11:49:53.848Z] >>> [apiv2][query] GET https://firebase.googleapis.com/v1beta1/projects pageSize=100
[debug] [2025-05-27T11:49:54.179Z] <<< [apiv2][status] GET https://firebase.googleapis.com/v1beta1/projects 401
[debug] [2025-05-27T11:49:54.180Z] <<< [apiv2][body] GET https://firebase.googleapis.com/v1beta1/projects [omitted]
[debug] [2025-05-27T11:49:54.180Z] Got a 401 Unauthenticated error for a call that required authentication. Refreshing tokens.
[debug] [2025-05-27T11:49:54.180Z] Checked if tokens are valid: false, expires at: 1709710053755
[debug] [2025-05-27T11:49:54.180Z] Checked if tokens are valid: false, expires at: 1709710053755
[debug] [2025-05-27T11:49:54.180Z] > refreshing access token with scopes: []
[debug] [2025-05-27T11:49:54.181Z] >>> [apiv2][query] POST https://www.googleapis.com/oauth2/v3/token [none]
[debug] [2025-05-27T11:49:54.182Z] >>> [apiv2][body] POST https://www.googleapis.com/oauth2/v3/token [omitted]
[debug] [2025-05-27T11:49:54.336Z] <<< [apiv2][status] POST https://www.googleapis.com/oauth2/v3/token 400
[debug] [2025-05-27T11:49:54.337Z] <<< [apiv2][body] POST https://www.googleapis.com/oauth2/v3/token [omitted]
[debug] [2025-05-27T11:49:54.339Z] Request to https://firebase.googleapis.com/v1beta1/projects?pageSize=100 had HTTP Error: 401, Request had invalid authentication credentials. Expected OAuth 2 access token, login cookie or other valid authentication credential. See https://developers.google.com/identity/sign-in/web/devconsole-project.
[debug] [2025-05-27T11:49:54.674Z] FirebaseError: Request to https://firebase.googleapis.com/v1beta1/projects?pageSize=100 had HTTP Error: 401, Request had invalid authentication credentials. Expected OAuth 2 access token, login cookie or other valid authentication credential. See https://developers.google.com/identity/sign-in/web/devconsole-project.
    at responseToError (C:\Users\DrillTitan\AppData\Roaming\npm\node_modules\firebase-tools\lib\responseToError.js:52:12)
    at RetryOperation._fn (C:\Users\DrillTitan\AppData\Roaming\npm\node_modules\firebase-tools\lib\apiv2.js:312:77)
    at process.processTicksAndRejections (node:internal/process/task_queues:95:5)
[error] 
[error] Error: Failed to list Firebase projects. See firebase-debug.log for more info.
